<?xml version="1.0" encoding="UTF-8"?>
<testsuite name="Tests" tests="3" skipped="0" failures="0" errors="0" timestamp="2021-10-31T10:36:40" hostname="Scotts-MacBook-Air.local" time="0.004">
  <properties/>
  <testcase name="testSumOdds100" classname="Tests" time="0.003"/>
  <testcase name="testSumOdds5" classname="Tests" time="0.001"/>
  <testcase name="testSumOdds6" classname="Tests" time="0.0"/>
  <system-out><![CDATA[]]></system-out>
  <system-err><![CDATA[]]></system-err>
</testsuite>
